The system is: Linux - 4.13.0-32-generic - x86_64
Compiling the C compiler identification source file "CMakeCCompilerId.c" succeeded.
Compiler: /usr/bin/cc 
Build flags: 
Id flags:  

The output was:
0


Compilation of the C compiler identification source "CMakeCCompilerId.c" produced "a.out"

The C compiler identification is GNU, found in "/home/thomas/Drive/tbagrel/courses/courses_2017_2018/tipe/resources/sais-2.4.1/cmake-build-debug/CMakeFiles/3.9.4/CompilerIdC/a.out"

Determining if the C compiler works passed with the following output:
Change Dir: /home/thomas/Drive/tbagrel/courses/courses_2017_2018/tipe/resources/sais-2.4.1/cmake-build-debug/CMakeFiles/CMakeTmp

Run Build Command:"/usr/bin/make" "cmTC_47613/fast"
/usr/bin/make -f CMakeFiles/cmTC_47613.dir/build.make CMakeFiles/cmTC_47613.dir/build
make[1] : on entre dans le répertoire « /home/thomas/Drive/tbagrel/courses/courses_2017_2018/tipe/resources/sais-2.4.1/cmake-build-debug/CMakeFiles/CMakeTmp »
Building C object CMakeFiles/cmTC_47613.dir/testCCompiler.c.o
/usr/bin/cc    -o CMakeFiles/cmTC_47613.dir/testCCompiler.c.o   -c /home/thomas/Drive/tbagrel/courses/courses_2017_2018/tipe/resources/sais-2.4.1/cmake-build-debug/CMakeFiles/CMakeTmp/testCCompiler.c
Linking C executable cmTC_47613
/home/thomas/.local/share/JetBrains/Toolbox/apps/CLion/ch-0/173.3727.114/bin/cmake/bin/cmake -E cmake_link_script CMakeFiles/cmTC_47613.dir/link.txt --verbose=1
/usr/bin/cc      -rdynamic CMakeFiles/cmTC_47613.dir/testCCompiler.c.o  -o cmTC_47613 
make[1] : on quitte le répertoire « /home/thomas/Drive/tbagrel/courses/courses_2017_2018/tipe/resources/sais-2.4.1/cmake-build-debug/CMakeFiles/CMakeTmp »


Detecting C compiler ABI info compiled with the following output:
Change Dir: /home/thomas/Drive/tbagrel/courses/courses_2017_2018/tipe/resources/sais-2.4.1/cmake-build-debug/CMakeFiles/CMakeTmp

Run Build Command:"/usr/bin/make" "cmTC_69933/fast"
/usr/bin/make -f CMakeFiles/cmTC_69933.dir/build.make CMakeFiles/cmTC_69933.dir/build
make[1] : on entre dans le répertoire « /home/thomas/Drive/tbagrel/courses/courses_2017_2018/tipe/resources/sais-2.4.1/cmake-build-debug/CMakeFiles/CMakeTmp »
Building C object CMakeFiles/cmTC_69933.dir/CMakeCCompilerABI.c.o
/usr/bin/cc    -o CMakeFiles/cmTC_69933.dir/CMakeCCompilerABI.c.o   -c /home/thomas/.local/share/JetBrains/Toolbox/apps/CLion/ch-0/173.3727.114/bin/cmake/share/cmake-3.9/Modules/CMakeCCompilerABI.c
Linking C executable cmTC_69933
/home/thomas/.local/share/JetBrains/Toolbox/apps/CLion/ch-0/173.3727.114/bin/cmake/bin/cmake -E cmake_link_script CMakeFiles/cmTC_69933.dir/link.txt --verbose=1
/usr/bin/cc     -v -rdynamic CMakeFiles/cmTC_69933.dir/CMakeCCompilerABI.c.o  -o cmTC_69933 
Using built-in specs.
COLLECT_GCC=/usr/bin/cc
COLLECT_LTO_WRAPPER=/usr/lib/gcc/x86_64-linux-gnu/7/lto-wrapper
OFFLOAD_TARGET_NAMES=nvptx-none
OFFLOAD_TARGET_DEFAULT=1
Target: x86_64-linux-gnu
Configured with: ../src/configure -v --with-pkgversion='Ubuntu 7.2.0-8ubuntu3' --with-bugurl=file:///usr/share/doc/gcc-7/README.Bugs --enable-languages=c,ada,c++,go,brig,d,fortran,objc,obj-c++ --prefix=/usr --with-gcc-major-version-only --program-suffix=-7 --program-prefix=x86_64-linux-gnu- --enable-shared --enable-linker-build-id --libexecdir=/usr/lib --without-included-gettext --enable-threads=posix --libdir=/usr/lib --enable-nls --with-sysroot=/ --enable-clocale=gnu --enable-libstdcxx-debug --enable-libstdcxx-time=yes --with-default-libstdcxx-abi=new --enable-gnu-unique-object --disable-vtable-verify --enable-libmpx --enable-plugin --enable-default-pie --with-system-zlib --with-target-system-zlib --enable-objc-gc=auto --enable-multiarch --disable-werror --with-arch-32=i686 --with-abi=m64 --with-multilib-list=m32,m64,mx32 --enable-multilib --with-tune=generic --enable-offload-targets=nvptx-none --without-cuda-driver --enable-checking=release --build=x86_64-linux-gnu --host=x86_64-linux-gnu --target=x86_64-linux-gnu
Thread model: posix
gcc version 7.2.0 (Ubuntu 7.2.0-8ubuntu3) 
COMPILER_PATH=/usr/lib/gcc/x86_64-linux-gnu/7/:/usr/lib/gcc/x86_64-linux-gnu/7/:/usr/lib/gcc/x86_64-linux-gnu/:/usr/lib/gcc/x86_64-linux-gnu/7/:/usr/lib/gcc/x86_64-linux-gnu/
LIBRARY_PATH=/usr/lib/gcc/x86_64-linux-gnu/7/:/usr/lib/gcc/x86_64-linux-gnu/7/../../../x86_64-linux-gnu/:/usr/lib/gcc/x86_64-linux-gnu/7/../../../../lib/:/lib/x86_64-linux-gnu/:/lib/../lib/:/usr/lib/x86_64-linux-gnu/:/usr/lib/../lib/:/usr/lib/gcc/x86_64-linux-gnu/7/../../../:/lib/:/usr/lib/
COLLECT_GCC_OPTIONS='-v' '-rdynamic' '-o' 'cmTC_69933' '-mtune=generic' '-march=x86-64'
 /usr/lib/gcc/x86_64-linux-gnu/7/collect2 -plugin /usr/lib/gcc/x86_64-linux-gnu/7/liblto_plugin.so -plugin-opt=/usr/lib/gcc/x86_64-linux-gnu/7/lto-wrapper -plugin-opt=-fresolution=/tmp/cc3D7NDO.res -plugin-opt=-pass-through=-lgcc -plugin-opt=-pass-through=-lgcc_s -plugin-opt=-pass-through=-lc -plugin-opt=-pass-through=-lgcc -plugin-opt=-pass-through=-lgcc_s --sysroot=/ --build-id --eh-frame-hdr -m elf_x86_64 --hash-style=gnu --as-needed -export-dynamic -dynamic-linker /lib64/ld-linux-x86-64.so.2 -pie -z now -z relro -o cmTC_69933 /usr/lib/gcc/x86_64-linux-gnu/7/../../../x86_64-linux-gnu/Scrt1.o /usr/lib/gcc/x86_64-linux-gnu/7/../../../x86_64-linux-gnu/crti.o /usr/lib/gcc/x86_64-linux-gnu/7/crtbeginS.o -L/usr/lib/gcc/x86_64-linux-gnu/7 -L/usr/lib/gcc/x86_64-linux-gnu/7/../../../x86_64-linux-gnu -L/usr/lib/gcc/x86_64-linux-gnu/7/../../../../lib -L/lib/x86_64-linux-gnu -L/lib/../lib -L/usr/lib/x86_64-linux-gnu -L/usr/lib/../lib -L/usr/lib/gcc/x86_64-linux-gnu/7/../../.. CMakeFiles/cmTC_69933.dir/CMakeCCompilerABI.c.o -lgcc --as-needed -lgcc_s --no-as-needed -lc -lgcc --as-needed -lgcc_s --no-as-needed /usr/lib/gcc/x86_64-linux-gnu/7/crtendS.o /usr/lib/gcc/x86_64-linux-gnu/7/../../../x86_64-linux-gnu/crtn.o
COLLECT_GCC_OPTIONS='-v' '-rdynamic' '-o' 'cmTC_69933' '-mtune=generic' '-march=x86-64'
make[1] : on quitte le répertoire « /home/thomas/Drive/tbagrel/courses/courses_2017_2018/tipe/resources/sais-2.4.1/cmake-build-debug/CMakeFiles/CMakeTmp »


Parsed C implicit link information from above output:
  link line regex: [^( *|.*[/\])(ld|CMAKE_LINK_STARTFILE-NOTFOUND|([^/\]+-)?ld|collect2)[^/\]*( |$)]
  ignore line: [Change Dir: /home/thomas/Drive/tbagrel/courses/courses_2017_2018/tipe/resources/sais-2.4.1/cmake-build-debug/CMakeFiles/CMakeTmp]
  ignore line: []
  ignore line: [Run Build Command:"/usr/bin/make" "cmTC_69933/fast"]
  ignore line: [/usr/bin/make -f CMakeFiles/cmTC_69933.dir/build.make CMakeFiles/cmTC_69933.dir/build]
  ignore line: [make[1] : on entre dans le répertoire « /home/thomas/Drive/tbagrel/courses/courses_2017_2018/tipe/resources/sais-2.4.1/cmake-build-debug/CMakeFiles/CMakeTmp »]
  ignore line: [Building C object CMakeFiles/cmTC_69933.dir/CMakeCCompilerABI.c.o]
  ignore line: [/usr/bin/cc    -o CMakeFiles/cmTC_69933.dir/CMakeCCompilerABI.c.o   -c /home/thomas/.local/share/JetBrains/Toolbox/apps/CLion/ch-0/173.3727.114/bin/cmake/share/cmake-3.9/Modules/CMakeCCompilerABI.c]
  ignore line: [Linking C executable cmTC_69933]
  ignore line: [/home/thomas/.local/share/JetBrains/Toolbox/apps/CLion/ch-0/173.3727.114/bin/cmake/bin/cmake -E cmake_link_script CMakeFiles/cmTC_69933.dir/link.txt --verbose=1]
  ignore line: [/usr/bin/cc     -v -rdynamic CMakeFiles/cmTC_69933.dir/CMakeCCompilerABI.c.o  -o cmTC_69933 ]
  ignore line: [Using built-in specs.]
  ignore line: [COLLECT_GCC=/usr/bin/cc]
  ignore line: [COLLECT_LTO_WRAPPER=/usr/lib/gcc/x86_64-linux-gnu/7/lto-wrapper]
  ignore line: [OFFLOAD_TARGET_NAMES=nvptx-none]
  ignore line: [OFFLOAD_TARGET_DEFAULT=1]
  ignore line: [Target: x86_64-linux-gnu]
  ignore line: [Configured with: ../src/configure -v --with-pkgversion='Ubuntu 7.2.0-8ubuntu3' --with-bugurl=file:///usr/share/doc/gcc-7/README.Bugs --enable-languages=c,ada,c++,go,brig,d,fortran,objc,obj-c++ --prefix=/usr --with-gcc-major-version-only --program-suffix=-7 --program-prefix=x86_64-linux-gnu- --enable-shared --enable-linker-build-id --libexecdir=/usr/lib --without-included-gettext --enable-threads=posix --libdir=/usr/lib --enable-nls --with-sysroot=/ --enable-clocale=gnu --enable-libstdcxx-debug --enable-libstdcxx-time=yes --with-default-libstdcxx-abi=new --enable-gnu-unique-object --disable-vtable-verify --enable-libmpx --enable-plugin --enable-default-pie --with-system-zlib --with-target-system-zlib --enable-objc-gc=auto --enable-multiarch --disable-werror --with-arch-32=i686 --with-abi=m64 --with-multilib-list=m32,m64,mx32 --enable-multilib --with-tune=generic --enable-offload-targets=nvptx-none --without-cuda-driver --enable-checking=release --build=x86_64-linux-gnu --host=x86_64-linux-gnu --target=x86_64-linux-gnu]
  ignore line: [Thread model: posix]
  ignore line: [gcc version 7.2.0 (Ubuntu 7.2.0-8ubuntu3) ]
  ignore line: [COMPILER_PATH=/usr/lib/gcc/x86_64-linux-gnu/7/:/usr/lib/gcc/x86_64-linux-gnu/7/:/usr/lib/gcc/x86_64-linux-gnu/:/usr/lib/gcc/x86_64-linux-gnu/7/:/usr/lib/gcc/x86_64-linux-gnu/]
  ignore line: [LIBRARY_PATH=/usr/lib/gcc/x86_64-linux-gnu/7/:/usr/lib/gcc/x86_64-linux-gnu/7/../../../x86_64-linux-gnu/:/usr/lib/gcc/x86_64-linux-gnu/7/../../../../lib/:/lib/x86_64-linux-gnu/:/lib/../lib/:/usr/lib/x86_64-linux-gnu/:/usr/lib/../lib/:/usr/lib/gcc/x86_64-linux-gnu/7/../../../:/lib/:/usr/lib/]
  ignore line: [COLLECT_GCC_OPTIONS='-v' '-rdynamic' '-o' 'cmTC_69933' '-mtune=generic' '-march=x86-64']
  link line: [ /usr/lib/gcc/x86_64-linux-gnu/7/collect2 -plugin /usr/lib/gcc/x86_64-linux-gnu/7/liblto_plugin.so -plugin-opt=/usr/lib/gcc/x86_64-linux-gnu/7/lto-wrapper -plugin-opt=-fresolution=/tmp/cc3D7NDO.res -plugin-opt=-pass-through=-lgcc -plugin-opt=-pass-through=-lgcc_s -plugin-opt=-pass-through=-lc -plugin-opt=-pass-through=-lgcc -plugin-opt=-pass-through=-lgcc_s --sysroot=/ --build-id --eh-frame-hdr -m elf_x86_64 --hash-style=gnu --as-needed -export-dynamic -dynamic-linker /lib64/ld-linux-x86-64.so.2 -pie -z now -z relro -o cmTC_69933 /usr/lib/gcc/x86_64-linux-gnu/7/../../../x86_64-linux-gnu/Scrt1.o /usr/lib/gcc/x86_64-linux-gnu/7/../../../x86_64-linux-gnu/crti.o /usr/lib/gcc/x86_64-linux-gnu/7/crtbeginS.o -L/usr/lib/gcc/x86_64-linux-gnu/7 -L/usr/lib/gcc/x86_64-linux-gnu/7/../../../x86_64-linux-gnu -L/usr/lib/gcc/x86_64-linux-gnu/7/../../../../lib -L/lib/x86_64-linux-gnu -L/lib/../lib -L/usr/lib/x86_64-linux-gnu -L/usr/lib/../lib -L/usr/lib/gcc/x86_64-linux-gnu/7/../../.. CMakeFiles/cmTC_69933.dir/CMakeCCompilerABI.c.o -lgcc --as-needed -lgcc_s --no-as-needed -lc -lgcc --as-needed -lgcc_s --no-as-needed /usr/lib/gcc/x86_64-linux-gnu/7/crtendS.o /usr/lib/gcc/x86_64-linux-gnu/7/../../../x86_64-linux-gnu/crtn.o]
    arg [/usr/lib/gcc/x86_64-linux-gnu/7/collect2] ==> ignore
    arg [-plugin] ==> ignore
    arg [/usr/lib/gcc/x86_64-linux-gnu/7/liblto_plugin.so] ==> ignore
    arg [-plugin-opt=/usr/lib/gcc/x86_64-linux-gnu/7/lto-wrapper] ==> ignore
    arg [-plugin-opt=-fresolution=/tmp/cc3D7NDO.res] ==> ignore
    arg [-plugin-opt=-pass-through=-lgcc] ==> ignore
    arg [-plugin-opt=-pass-through=-lgcc_s] ==> ignore
    arg [-plugin-opt=-pass-through=-lc] ==> ignore
    arg [-plugin-opt=-pass-through=-lgcc] ==> ignore
    arg [-plugin-opt=-pass-through=-lgcc_s] ==> ignore
    arg [--sysroot=/] ==> ignore
    arg [--build-id] ==> ignore
    arg [--eh-frame-hdr] ==> ignore
    arg [-m] ==> ignore
    arg [elf_x86_64] ==> ignore
    arg [--hash-style=gnu] ==> ignore
    arg [--as-needed] ==> ignore
    arg [-export-dynamic] ==> ignore
    arg [-dynamic-linker] ==> ignore
    arg [/lib64/ld-linux-x86-64.so.2] ==> ignore
    arg [-pie] ==> ignore
    arg [-znow] ==> ignore
    arg [-zrelro] ==> ignore
    arg [-o] ==> ignore
    arg [cmTC_69933] ==> ignore
    arg [/usr/lib/gcc/x86_64-linux-gnu/7/../../../x86_64-linux-gnu/Scrt1.o] ==> ignore
    arg [/usr/lib/gcc/x86_64-linux-gnu/7/../../../x86_64-linux-gnu/crti.o] ==> ignore
    arg [/usr/lib/gcc/x86_64-linux-gnu/7/crtbeginS.o] ==> ignore
    arg [-L/usr/lib/gcc/x86_64-linux-gnu/7] ==> dir [/usr/lib/gcc/x86_64-linux-gnu/7]
    arg [-L/usr/lib/gcc/x86_64-linux-gnu/7/../../../x86_64-linux-gnu] ==> dir [/usr/lib/gcc/x86_64-linux-gnu/7/../../../x86_64-linux-gnu]
    arg [-L/usr/lib/gcc/x86_64-linux-gnu/7/../../../../lib] ==> dir [/usr/lib/gcc/x86_64-linux-gnu/7/../../../../lib]
    arg [-L/lib/x86_64-linux-gnu] ==> dir [/lib/x86_64-linux-gnu]
    arg [-L/lib/../lib] ==> dir [/lib/../lib]
    arg [-L/usr/lib/x86_64-linux-gnu] ==> dir [/usr/lib/x86_64-linux-gnu]
    arg [-L/usr/lib/../lib] ==> dir [/usr/lib/../lib]
    arg [-L/usr/lib/gcc/x86_64-linux-gnu/7/../../..] ==> dir [/usr/lib/gcc/x86_64-linux-gnu/7/../../..]
    arg [CMakeFiles/cmTC_69933.dir/CMakeCCompilerABI.c.o] ==> ignore
    arg [-lgcc] ==> lib [gcc]
    arg [--as-needed] ==> ignore
    arg [-lgcc_s] ==> lib [gcc_s]
    arg [--no-as-needed] ==> ignore
    arg [-lc] ==> lib [c]
    arg [-lgcc] ==> lib [gcc]
    arg [--as-needed] ==> ignore
    arg [-lgcc_s] ==> lib [gcc_s]
    arg [--no-as-needed] ==> ignore
    arg [/usr/lib/gcc/x86_64-linux-gnu/7/crtendS.o] ==> ignore
    arg [/usr/lib/gcc/x86_64-linux-gnu/7/../../../x86_64-linux-gnu/crtn.o] ==> ignore
  collapse library dir [/usr/lib/gcc/x86_64-linux-gnu/7] ==> [/usr/lib/gcc/x86_64-linux-gnu/7]
  collapse library dir [/usr/lib/gcc/x86_64-linux-gnu/7/../../../x86_64-linux-gnu] ==> [/usr/lib/x86_64-linux-gnu]
  collapse library dir [/usr/lib/gcc/x86_64-linux-gnu/7/../../../../lib] ==> [/usr/lib]
  collapse library dir [/lib/x86_64-linux-gnu] ==> [/lib/x86_64-linux-gnu]
  collapse library dir [/lib/../lib] ==> [/lib]
  collapse library dir [/usr/lib/x86_64-linux-gnu] ==> [/usr/lib/x86_64-linux-gnu]
  collapse library dir [/usr/lib/../lib] ==> [/usr/lib]
  collapse library dir [/usr/lib/gcc/x86_64-linux-gnu/7/../../..] ==> [/usr/lib]
  implicit libs: [gcc;gcc_s;c;gcc;gcc_s]
  implicit dirs: [/usr/lib/gcc/x86_64-linux-gnu/7;/usr/lib/x86_64-linux-gnu;/usr/lib;/lib/x86_64-linux-gnu;/lib]
  implicit fwks: []




Detecting C [-std=c11] compiler features compiled with the following output:
Change Dir: /home/thomas/Drive/tbagrel/courses/courses_2017_2018/tipe/resources/sais-2.4.1/cmake-build-debug/CMakeFiles/CMakeTmp

Run Build Command:"/usr/bin/make" "cmTC_55aa7/fast"
/usr/bin/make -f CMakeFiles/cmTC_55aa7.dir/build.make CMakeFiles/cmTC_55aa7.dir/build
make[1] : on entre dans le répertoire « /home/thomas/Drive/tbagrel/courses/courses_2017_2018/tipe/resources/sais-2.4.1/cmake-build-debug/CMakeFiles/CMakeTmp »
Building C object CMakeFiles/cmTC_55aa7.dir/feature_tests.c.o
/usr/bin/cc   -std=c11 -o CMakeFiles/cmTC_55aa7.dir/feature_tests.c.o   -c /home/thomas/Drive/tbagrel/courses/courses_2017_2018/tipe/resources/sais-2.4.1/cmake-build-debug/CMakeFiles/feature_tests.c
Linking C executable cmTC_55aa7
/home/thomas/.local/share/JetBrains/Toolbox/apps/CLion/ch-0/173.3727.114/bin/cmake/bin/cmake -E cmake_link_script CMakeFiles/cmTC_55aa7.dir/link.txt --verbose=1
/usr/bin/cc      -rdynamic CMakeFiles/cmTC_55aa7.dir/feature_tests.c.o  -o cmTC_55aa7 
make[1] : on quitte le répertoire « /home/thomas/Drive/tbagrel/courses/courses_2017_2018/tipe/resources/sais-2.4.1/cmake-build-debug/CMakeFiles/CMakeTmp »


    Feature record: C_FEATURE:1c_function_prototypes
    Feature record: C_FEATURE:1c_restrict
    Feature record: C_FEATURE:1c_static_assert
    Feature record: C_FEATURE:1c_variadic_macros


Detecting C [-std=c99] compiler features compiled with the following output:
Change Dir: /home/thomas/Drive/tbagrel/courses/courses_2017_2018/tipe/resources/sais-2.4.1/cmake-build-debug/CMakeFiles/CMakeTmp

Run Build Command:"/usr/bin/make" "cmTC_b18a8/fast"
/usr/bin/make -f CMakeFiles/cmTC_b18a8.dir/build.make CMakeFiles/cmTC_b18a8.dir/build
make[1] : on entre dans le répertoire « /home/thomas/Drive/tbagrel/courses/courses_2017_2018/tipe/resources/sais-2.4.1/cmake-build-debug/CMakeFiles/CMakeTmp »
Building C object CMakeFiles/cmTC_b18a8.dir/feature_tests.c.o
/usr/bin/cc   -std=c99 -o CMakeFiles/cmTC_b18a8.dir/feature_tests.c.o   -c /home/thomas/Drive/tbagrel/courses/courses_2017_2018/tipe/resources/sais-2.4.1/cmake-build-debug/CMakeFiles/feature_tests.c
Linking C executable cmTC_b18a8
/home/thomas/.local/share/JetBrains/Toolbox/apps/CLion/ch-0/173.3727.114/bin/cmake/bin/cmake -E cmake_link_script CMakeFiles/cmTC_b18a8.dir/link.txt --verbose=1
/usr/bin/cc      -rdynamic CMakeFiles/cmTC_b18a8.dir/feature_tests.c.o  -o cmTC_b18a8 
make[1] : on quitte le répertoire « /home/thomas/Drive/tbagrel/courses/courses_2017_2018/tipe/resources/sais-2.4.1/cmake-build-debug/CMakeFiles/CMakeTmp »


    Feature record: C_FEATURE:1c_function_prototypes
    Feature record: C_FEATURE:1c_restrict
    Feature record: C_FEATURE:0c_static_assert
    Feature record: C_FEATURE:1c_variadic_macros


Detecting C [-std=c90] compiler features compiled with the following output:
Change Dir: /home/thomas/Drive/tbagrel/courses/courses_2017_2018/tipe/resources/sais-2.4.1/cmake-build-debug/CMakeFiles/CMakeTmp

Run Build Command:"/usr/bin/make" "cmTC_57354/fast"
/usr/bin/make -f CMakeFiles/cmTC_57354.dir/build.make CMakeFiles/cmTC_57354.dir/build
make[1] : on entre dans le répertoire « /home/thomas/Drive/tbagrel/courses/courses_2017_2018/tipe/resources/sais-2.4.1/cmake-build-debug/CMakeFiles/CMakeTmp »
Building C object CMakeFiles/cmTC_57354.dir/feature_tests.c.o
/usr/bin/cc   -std=c90 -o CMakeFiles/cmTC_57354.dir/feature_tests.c.o   -c /home/thomas/Drive/tbagrel/courses/courses_2017_2018/tipe/resources/sais-2.4.1/cmake-build-debug/CMakeFiles/feature_tests.c
Linking C executable cmTC_57354
/home/thomas/.local/share/JetBrains/Toolbox/apps/CLion/ch-0/173.3727.114/bin/cmake/bin/cmake -E cmake_link_script CMakeFiles/cmTC_57354.dir/link.txt --verbose=1
/usr/bin/cc      -rdynamic CMakeFiles/cmTC_57354.dir/feature_tests.c.o  -o cmTC_57354 
make[1] : on quitte le répertoire « /home/thomas/Drive/tbagrel/courses/courses_2017_2018/tipe/resources/sais-2.4.1/cmake-build-debug/CMakeFiles/CMakeTmp »


    Feature record: C_FEATURE:1c_function_prototypes
    Feature record: C_FEATURE:0c_restrict
    Feature record: C_FEATURE:0c_static_assert
    Feature record: C_FEATURE:0c_variadic_macros
Performing C SOURCE FILE Test HAVE_GCC_WALL succeeded with the following output:
Change Dir: /home/thomas/Drive/tbagrel/courses/courses_2017_2018/tipe/resources/sais-2.4.1/cmake-build-debug/CMakeFiles/CMakeTmp

Run Build Command:"/usr/bin/make" "cmTC_c7bb9/fast"
/usr/bin/make -f CMakeFiles/cmTC_c7bb9.dir/build.make CMakeFiles/cmTC_c7bb9.dir/build
make[1] : on entre dans le répertoire « /home/thomas/Drive/tbagrel/courses/courses_2017_2018/tipe/resources/sais-2.4.1/cmake-build-debug/CMakeFiles/CMakeTmp »
Building C object CMakeFiles/cmTC_c7bb9.dir/src.c.o
/usr/bin/cc   -DHAVE_GCC_WALL -Wall   -o CMakeFiles/cmTC_c7bb9.dir/src.c.o   -c /home/thomas/Drive/tbagrel/courses/courses_2017_2018/tipe/resources/sais-2.4.1/cmake-build-debug/CMakeFiles/CMakeTmp/src.c
Linking C executable cmTC_c7bb9
/home/thomas/.local/share/JetBrains/Toolbox/apps/CLion/ch-0/173.3727.114/bin/cmake/bin/cmake -E cmake_link_script CMakeFiles/cmTC_c7bb9.dir/link.txt --verbose=1
/usr/bin/cc  -DHAVE_GCC_WALL -Wall    -rdynamic CMakeFiles/cmTC_c7bb9.dir/src.c.o  -o cmTC_c7bb9 
make[1] : on quitte le répertoire « /home/thomas/Drive/tbagrel/courses/courses_2017_2018/tipe/resources/sais-2.4.1/cmake-build-debug/CMakeFiles/CMakeTmp »

Source file was:
int main() { return 0; }
Performing C SOURCE FILE Test HAVE_GCC_FOMIT_FRAME_POINTER succeeded with the following output:
Change Dir: /home/thomas/Drive/tbagrel/courses/courses_2017_2018/tipe/resources/sais-2.4.1/cmake-build-debug/CMakeFiles/CMakeTmp

Run Build Command:"/usr/bin/make" "cmTC_434a2/fast"
/usr/bin/make -f CMakeFiles/cmTC_434a2.dir/build.make CMakeFiles/cmTC_434a2.dir/build
make[1] : on entre dans le répertoire « /home/thomas/Drive/tbagrel/courses/courses_2017_2018/tipe/resources/sais-2.4.1/cmake-build-debug/CMakeFiles/CMakeTmp »
Building C object CMakeFiles/cmTC_434a2.dir/src.c.o
/usr/bin/cc   -Wall -DHAVE_GCC_FOMIT_FRAME_POINTER -fomit-frame-pointer   -o CMakeFiles/cmTC_434a2.dir/src.c.o   -c /home/thomas/Drive/tbagrel/courses/courses_2017_2018/tipe/resources/sais-2.4.1/cmake-build-debug/CMakeFiles/CMakeTmp/src.c
Linking C executable cmTC_434a2
/home/thomas/.local/share/JetBrains/Toolbox/apps/CLion/ch-0/173.3727.114/bin/cmake/bin/cmake -E cmake_link_script CMakeFiles/cmTC_434a2.dir/link.txt --verbose=1
/usr/bin/cc  -Wall -DHAVE_GCC_FOMIT_FRAME_POINTER -fomit-frame-pointer    -rdynamic CMakeFiles/cmTC_434a2.dir/src.c.o  -o cmTC_434a2 
make[1] : on quitte le répertoire « /home/thomas/Drive/tbagrel/courses/courses_2017_2018/tipe/resources/sais-2.4.1/cmake-build-debug/CMakeFiles/CMakeTmp »

Source file was:
int main() { return 0; }
Determining if the include file inttypes.h exists passed with the following output:
Change Dir: /home/thomas/Drive/tbagrel/courses/courses_2017_2018/tipe/resources/sais-2.4.1/cmake-build-debug/CMakeFiles/CMakeTmp

Run Build Command:"/usr/bin/make" "cmTC_e6d6a/fast"
/usr/bin/make -f CMakeFiles/cmTC_e6d6a.dir/build.make CMakeFiles/cmTC_e6d6a.dir/build
make[1] : on entre dans le répertoire « /home/thomas/Drive/tbagrel/courses/courses_2017_2018/tipe/resources/sais-2.4.1/cmake-build-debug/CMakeFiles/CMakeTmp »
Building C object CMakeFiles/cmTC_e6d6a.dir/CheckIncludeFile.c.o
/usr/bin/cc   -Wall    -o CMakeFiles/cmTC_e6d6a.dir/CheckIncludeFile.c.o   -c /home/thomas/Drive/tbagrel/courses/courses_2017_2018/tipe/resources/sais-2.4.1/cmake-build-debug/CMakeFiles/CMakeTmp/CheckIncludeFile.c
Linking C executable cmTC_e6d6a
/home/thomas/.local/share/JetBrains/Toolbox/apps/CLion/ch-0/173.3727.114/bin/cmake/bin/cmake -E cmake_link_script CMakeFiles/cmTC_e6d6a.dir/link.txt --verbose=1
/usr/bin/cc  -Wall     -rdynamic CMakeFiles/cmTC_e6d6a.dir/CheckIncludeFile.c.o  -o cmTC_e6d6a 
make[1] : on quitte le répertoire « /home/thomas/Drive/tbagrel/courses/courses_2017_2018/tipe/resources/sais-2.4.1/cmake-build-debug/CMakeFiles/CMakeTmp »


Determining if the include file memory.h exists passed with the following output:
Change Dir: /home/thomas/Drive/tbagrel/courses/courses_2017_2018/tipe/resources/sais-2.4.1/cmake-build-debug/CMakeFiles/CMakeTmp

Run Build Command:"/usr/bin/make" "cmTC_a57af/fast"
/usr/bin/make -f CMakeFiles/cmTC_a57af.dir/build.make CMakeFiles/cmTC_a57af.dir/build
make[1] : on entre dans le répertoire « /home/thomas/Drive/tbagrel/courses/courses_2017_2018/tipe/resources/sais-2.4.1/cmake-build-debug/CMakeFiles/CMakeTmp »
Building C object CMakeFiles/cmTC_a57af.dir/CheckIncludeFile.c.o
/usr/bin/cc   -Wall    -o CMakeFiles/cmTC_a57af.dir/CheckIncludeFile.c.o   -c /home/thomas/Drive/tbagrel/courses/courses_2017_2018/tipe/resources/sais-2.4.1/cmake-build-debug/CMakeFiles/CMakeTmp/CheckIncludeFile.c
Linking C executable cmTC_a57af
/home/thomas/.local/share/JetBrains/Toolbox/apps/CLion/ch-0/173.3727.114/bin/cmake/bin/cmake -E cmake_link_script CMakeFiles/cmTC_a57af.dir/link.txt --verbose=1
/usr/bin/cc  -Wall     -rdynamic CMakeFiles/cmTC_a57af.dir/CheckIncludeFile.c.o  -o cmTC_a57af 
make[1] : on quitte le répertoire « /home/thomas/Drive/tbagrel/courses/courses_2017_2018/tipe/resources/sais-2.4.1/cmake-build-debug/CMakeFiles/CMakeTmp »


Determining if the include file stddef.h exists passed with the following output:
Change Dir: /home/thomas/Drive/tbagrel/courses/courses_2017_2018/tipe/resources/sais-2.4.1/cmake-build-debug/CMakeFiles/CMakeTmp

Run Build Command:"/usr/bin/make" "cmTC_57f84/fast"
/usr/bin/make -f CMakeFiles/cmTC_57f84.dir/build.make CMakeFiles/cmTC_57f84.dir/build
make[1] : on entre dans le répertoire « /home/thomas/Drive/tbagrel/courses/courses_2017_2018/tipe/resources/sais-2.4.1/cmake-build-debug/CMakeFiles/CMakeTmp »
Building C object CMakeFiles/cmTC_57f84.dir/CheckIncludeFile.c.o
/usr/bin/cc   -Wall    -o CMakeFiles/cmTC_57f84.dir/CheckIncludeFile.c.o   -c /home/thomas/Drive/tbagrel/courses/courses_2017_2018/tipe/resources/sais-2.4.1/cmake-build-debug/CMakeFiles/CMakeTmp/CheckIncludeFile.c
Linking C executable cmTC_57f84
/home/thomas/.local/share/JetBrains/Toolbox/apps/CLion/ch-0/173.3727.114/bin/cmake/bin/cmake -E cmake_link_script CMakeFiles/cmTC_57f84.dir/link.txt --verbose=1
/usr/bin/cc  -Wall     -rdynamic CMakeFiles/cmTC_57f84.dir/CheckIncludeFile.c.o  -o cmTC_57f84 
make[1] : on quitte le répertoire « /home/thomas/Drive/tbagrel/courses/courses_2017_2018/tipe/resources/sais-2.4.1/cmake-build-debug/CMakeFiles/CMakeTmp »


Determining if the include file stdint.h exists passed with the following output:
Change Dir: /home/thomas/Drive/tbagrel/courses/courses_2017_2018/tipe/resources/sais-2.4.1/cmake-build-debug/CMakeFiles/CMakeTmp

Run Build Command:"/usr/bin/make" "cmTC_bc0c4/fast"
/usr/bin/make -f CMakeFiles/cmTC_bc0c4.dir/build.make CMakeFiles/cmTC_bc0c4.dir/build
make[1] : on entre dans le répertoire « /home/thomas/Drive/tbagrel/courses/courses_2017_2018/tipe/resources/sais-2.4.1/cmake-build-debug/CMakeFiles/CMakeTmp »
Building C object CMakeFiles/cmTC_bc0c4.dir/CheckIncludeFile.c.o
/usr/bin/cc   -Wall    -o CMakeFiles/cmTC_bc0c4.dir/CheckIncludeFile.c.o   -c /home/thomas/Drive/tbagrel/courses/courses_2017_2018/tipe/resources/sais-2.4.1/cmake-build-debug/CMakeFiles/CMakeTmp/CheckIncludeFile.c
Linking C executable cmTC_bc0c4
/home/thomas/.local/share/JetBrains/Toolbox/apps/CLion/ch-0/173.3727.114/bin/cmake/bin/cmake -E cmake_link_script CMakeFiles/cmTC_bc0c4.dir/link.txt --verbose=1
/usr/bin/cc  -Wall     -rdynamic CMakeFiles/cmTC_bc0c4.dir/CheckIncludeFile.c.o  -o cmTC_bc0c4 
make[1] : on quitte le répertoire « /home/thomas/Drive/tbagrel/courses/courses_2017_2018/tipe/resources/sais-2.4.1/cmake-build-debug/CMakeFiles/CMakeTmp »


Determining if the include file stdlib.h exists passed with the following output:
Change Dir: /home/thomas/Drive/tbagrel/courses/courses_2017_2018/tipe/resources/sais-2.4.1/cmake-build-debug/CMakeFiles/CMakeTmp

Run Build Command:"/usr/bin/make" "cmTC_aa2ab/fast"
/usr/bin/make -f CMakeFiles/cmTC_aa2ab.dir/build.make CMakeFiles/cmTC_aa2ab.dir/build
make[1] : on entre dans le répertoire « /home/thomas/Drive/tbagrel/courses/courses_2017_2018/tipe/resources/sais-2.4.1/cmake-build-debug/CMakeFiles/CMakeTmp »
Building C object CMakeFiles/cmTC_aa2ab.dir/CheckIncludeFile.c.o
/usr/bin/cc   -Wall    -o CMakeFiles/cmTC_aa2ab.dir/CheckIncludeFile.c.o   -c /home/thomas/Drive/tbagrel/courses/courses_2017_2018/tipe/resources/sais-2.4.1/cmake-build-debug/CMakeFiles/CMakeTmp/CheckIncludeFile.c
Linking C executable cmTC_aa2ab
/home/thomas/.local/share/JetBrains/Toolbox/apps/CLion/ch-0/173.3727.114/bin/cmake/bin/cmake -E cmake_link_script CMakeFiles/cmTC_aa2ab.dir/link.txt --verbose=1
/usr/bin/cc  -Wall     -rdynamic CMakeFiles/cmTC_aa2ab.dir/CheckIncludeFile.c.o  -o cmTC_aa2ab 
make[1] : on quitte le répertoire « /home/thomas/Drive/tbagrel/courses/courses_2017_2018/tipe/resources/sais-2.4.1/cmake-build-debug/CMakeFiles/CMakeTmp »


Determining if the include file string.h exists passed with the following output:
Change Dir: /home/thomas/Drive/tbagrel/courses/courses_2017_2018/tipe/resources/sais-2.4.1/cmake-build-debug/CMakeFiles/CMakeTmp

Run Build Command:"/usr/bin/make" "cmTC_cddd3/fast"
/usr/bin/make -f CMakeFiles/cmTC_cddd3.dir/build.make CMakeFiles/cmTC_cddd3.dir/build
make[1] : on entre dans le répertoire « /home/thomas/Drive/tbagrel/courses/courses_2017_2018/tipe/resources/sais-2.4.1/cmake-build-debug/CMakeFiles/CMakeTmp »
Building C object CMakeFiles/cmTC_cddd3.dir/CheckIncludeFile.c.o
/usr/bin/cc   -Wall    -o CMakeFiles/cmTC_cddd3.dir/CheckIncludeFile.c.o   -c /home/thomas/Drive/tbagrel/courses/courses_2017_2018/tipe/resources/sais-2.4.1/cmake-build-debug/CMakeFiles/CMakeTmp/CheckIncludeFile.c
Linking C executable cmTC_cddd3
/home/thomas/.local/share/JetBrains/Toolbox/apps/CLion/ch-0/173.3727.114/bin/cmake/bin/cmake -E cmake_link_script CMakeFiles/cmTC_cddd3.dir/link.txt --verbose=1
/usr/bin/cc  -Wall     -rdynamic CMakeFiles/cmTC_cddd3.dir/CheckIncludeFile.c.o  -o cmTC_cddd3 
make[1] : on quitte le répertoire « /home/thomas/Drive/tbagrel/courses/courses_2017_2018/tipe/resources/sais-2.4.1/cmake-build-debug/CMakeFiles/CMakeTmp »


Determining if the include file strings.h exists passed with the following output:
Change Dir: /home/thomas/Drive/tbagrel/courses/courses_2017_2018/tipe/resources/sais-2.4.1/cmake-build-debug/CMakeFiles/CMakeTmp

Run Build Command:"/usr/bin/make" "cmTC_58001/fast"
/usr/bin/make -f CMakeFiles/cmTC_58001.dir/build.make CMakeFiles/cmTC_58001.dir/build
make[1] : on entre dans le répertoire « /home/thomas/Drive/tbagrel/courses/courses_2017_2018/tipe/resources/sais-2.4.1/cmake-build-debug/CMakeFiles/CMakeTmp »
Building C object CMakeFiles/cmTC_58001.dir/CheckIncludeFile.c.o
/usr/bin/cc   -Wall    -o CMakeFiles/cmTC_58001.dir/CheckIncludeFile.c.o   -c /home/thomas/Drive/tbagrel/courses/courses_2017_2018/tipe/resources/sais-2.4.1/cmake-build-debug/CMakeFiles/CMakeTmp/CheckIncludeFile.c
Linking C executable cmTC_58001
/home/thomas/.local/share/JetBrains/Toolbox/apps/CLion/ch-0/173.3727.114/bin/cmake/bin/cmake -E cmake_link_script CMakeFiles/cmTC_58001.dir/link.txt --verbose=1
/usr/bin/cc  -Wall     -rdynamic CMakeFiles/cmTC_58001.dir/CheckIncludeFile.c.o  -o cmTC_58001 
make[1] : on quitte le répertoire « /home/thomas/Drive/tbagrel/courses/courses_2017_2018/tipe/resources/sais-2.4.1/cmake-build-debug/CMakeFiles/CMakeTmp »


Determining if the include file sys/types.h exists passed with the following output:
Change Dir: /home/thomas/Drive/tbagrel/courses/courses_2017_2018/tipe/resources/sais-2.4.1/cmake-build-debug/CMakeFiles/CMakeTmp

Run Build Command:"/usr/bin/make" "cmTC_030a0/fast"
/usr/bin/make -f CMakeFiles/cmTC_030a0.dir/build.make CMakeFiles/cmTC_030a0.dir/build
make[1] : on entre dans le répertoire « /home/thomas/Drive/tbagrel/courses/courses_2017_2018/tipe/resources/sais-2.4.1/cmake-build-debug/CMakeFiles/CMakeTmp »
Building C object CMakeFiles/cmTC_030a0.dir/CheckIncludeFile.c.o
/usr/bin/cc   -Wall    -o CMakeFiles/cmTC_030a0.dir/CheckIncludeFile.c.o   -c /home/thomas/Drive/tbagrel/courses/courses_2017_2018/tipe/resources/sais-2.4.1/cmake-build-debug/CMakeFiles/CMakeTmp/CheckIncludeFile.c
Linking C executable cmTC_030a0
/home/thomas/.local/share/JetBrains/Toolbox/apps/CLion/ch-0/173.3727.114/bin/cmake/bin/cmake -E cmake_link_script CMakeFiles/cmTC_030a0.dir/link.txt --verbose=1
/usr/bin/cc  -Wall     -rdynamic CMakeFiles/cmTC_030a0.dir/CheckIncludeFile.c.o  -o cmTC_030a0 
make[1] : on quitte le répertoire « /home/thomas/Drive/tbagrel/courses/courses_2017_2018/tipe/resources/sais-2.4.1/cmake-build-debug/CMakeFiles/CMakeTmp »


Determining size of off_t passed with the following output:
Change Dir: /home/thomas/Drive/tbagrel/courses/courses_2017_2018/tipe/resources/sais-2.4.1/cmake-build-debug/CMakeFiles/CMakeTmp

Run Build Command:"/usr/bin/make" "cmTC_e0137/fast"
/usr/bin/make -f CMakeFiles/cmTC_e0137.dir/build.make CMakeFiles/cmTC_e0137.dir/build
make[1] : on entre dans le répertoire « /home/thomas/Drive/tbagrel/courses/courses_2017_2018/tipe/resources/sais-2.4.1/cmake-build-debug/CMakeFiles/CMakeTmp »
Building C object CMakeFiles/cmTC_e0137.dir/SIZEOF_OFF_T.c.o
/usr/bin/cc -D_FILE_OFFSET_BITS=64 -D_LARGEFILE_SOURCE -D_LARGE_FILES -D__STDC_CONSTANT_MACROS -D__STDC_FORMAT_MACROS -D__STDC_LIMIT_MACROS  -Wall    -o CMakeFiles/cmTC_e0137.dir/SIZEOF_OFF_T.c.o   -c /home/thomas/Drive/tbagrel/courses/courses_2017_2018/tipe/resources/sais-2.4.1/cmake-build-debug/CMakeFiles/CheckTypeSize/SIZEOF_OFF_T.c
Linking C executable cmTC_e0137
/home/thomas/.local/share/JetBrains/Toolbox/apps/CLion/ch-0/173.3727.114/bin/cmake/bin/cmake -E cmake_link_script CMakeFiles/cmTC_e0137.dir/link.txt --verbose=1
/usr/bin/cc  -Wall     -rdynamic CMakeFiles/cmTC_e0137.dir/SIZEOF_OFF_T.c.o  -o cmTC_e0137 
make[1] : on quitte le répertoire « /home/thomas/Drive/tbagrel/courses/courses_2017_2018/tipe/resources/sais-2.4.1/cmake-build-debug/CMakeFiles/CMakeTmp »


Determining if the fseeko exist passed with the following output:
Change Dir: /home/thomas/Drive/tbagrel/courses/courses_2017_2018/tipe/resources/sais-2.4.1/cmake-build-debug/CMakeFiles/CMakeTmp

Run Build Command:"/usr/bin/make" "cmTC_04328/fast"
/usr/bin/make -f CMakeFiles/cmTC_04328.dir/build.make CMakeFiles/cmTC_04328.dir/build
make[1] : on entre dans le répertoire « /home/thomas/Drive/tbagrel/courses/courses_2017_2018/tipe/resources/sais-2.4.1/cmake-build-debug/CMakeFiles/CMakeTmp »
Building C object CMakeFiles/cmTC_04328.dir/CheckSymbolExists.c.o
/usr/bin/cc -D_FILE_OFFSET_BITS=64 -D_LARGEFILE_SOURCE -D_LARGE_FILES -D__STDC_CONSTANT_MACROS -D__STDC_FORMAT_MACROS -D__STDC_LIMIT_MACROS  -Wall    -o CMakeFiles/cmTC_04328.dir/CheckSymbolExists.c.o   -c /home/thomas/Drive/tbagrel/courses/courses_2017_2018/tipe/resources/sais-2.4.1/cmake-build-debug/CMakeFiles/CMakeTmp/CheckSymbolExists.c
Linking C executable cmTC_04328
/home/thomas/.local/share/JetBrains/Toolbox/apps/CLion/ch-0/173.3727.114/bin/cmake/bin/cmake -E cmake_link_script CMakeFiles/cmTC_04328.dir/link.txt --verbose=1
/usr/bin/cc  -Wall     -rdynamic CMakeFiles/cmTC_04328.dir/CheckSymbolExists.c.o  -o cmTC_04328 
make[1] : on quitte le répertoire « /home/thomas/Drive/tbagrel/courses/courses_2017_2018/tipe/resources/sais-2.4.1/cmake-build-debug/CMakeFiles/CMakeTmp »

File /home/thomas/Drive/tbagrel/courses/courses_2017_2018/tipe/resources/sais-2.4.1/cmake-build-debug/CMakeFiles/CMakeTmp/CheckSymbolExists.c:
/* */
#include <stdio.h>

int main(int argc, char** argv)
{
  (void)argv;
#ifndef fseeko
  return ((int*)(&fseeko))[argc];
#else
  (void)argc;
  return 0;
#endif
}

Determining if the ftello exist passed with the following output:
Change Dir: /home/thomas/Drive/tbagrel/courses/courses_2017_2018/tipe/resources/sais-2.4.1/cmake-build-debug/CMakeFiles/CMakeTmp

Run Build Command:"/usr/bin/make" "cmTC_49c72/fast"
/usr/bin/make -f CMakeFiles/cmTC_49c72.dir/build.make CMakeFiles/cmTC_49c72.dir/build
make[1] : on entre dans le répertoire « /home/thomas/Drive/tbagrel/courses/courses_2017_2018/tipe/resources/sais-2.4.1/cmake-build-debug/CMakeFiles/CMakeTmp »
Building C object CMakeFiles/cmTC_49c72.dir/CheckSymbolExists.c.o
/usr/bin/cc -D_FILE_OFFSET_BITS=64 -D_LARGEFILE_SOURCE -D_LARGE_FILES -D__STDC_CONSTANT_MACROS -D__STDC_FORMAT_MACROS -D__STDC_LIMIT_MACROS  -Wall    -o CMakeFiles/cmTC_49c72.dir/CheckSymbolExists.c.o   -c /home/thomas/Drive/tbagrel/courses/courses_2017_2018/tipe/resources/sais-2.4.1/cmake-build-debug/CMakeFiles/CMakeTmp/CheckSymbolExists.c
Linking C executable cmTC_49c72
/home/thomas/.local/share/JetBrains/Toolbox/apps/CLion/ch-0/173.3727.114/bin/cmake/bin/cmake -E cmake_link_script CMakeFiles/cmTC_49c72.dir/link.txt --verbose=1
/usr/bin/cc  -Wall     -rdynamic CMakeFiles/cmTC_49c72.dir/CheckSymbolExists.c.o  -o cmTC_49c72 
make[1] : on quitte le répertoire « /home/thomas/Drive/tbagrel/courses/courses_2017_2018/tipe/resources/sais-2.4.1/cmake-build-debug/CMakeFiles/CMakeTmp »

File /home/thomas/Drive/tbagrel/courses/courses_2017_2018/tipe/resources/sais-2.4.1/cmake-build-debug/CMakeFiles/CMakeTmp/CheckSymbolExists.c:
/* */
#include <stdio.h>

int main(int argc, char** argv)
{
  (void)argv;
#ifndef ftello
  return ((int*)(&ftello))[argc];
#else
  (void)argc;
  return 0;
#endif
}

Determining if the PRIdMAX exist passed with the following output:
Change Dir: /home/thomas/Drive/tbagrel/courses/courses_2017_2018/tipe/resources/sais-2.4.1/cmake-build-debug/CMakeFiles/CMakeTmp

Run Build Command:"/usr/bin/make" "cmTC_9f0e7/fast"
/usr/bin/make -f CMakeFiles/cmTC_9f0e7.dir/build.make CMakeFiles/cmTC_9f0e7.dir/build
make[1] : on entre dans le répertoire « /home/thomas/Drive/tbagrel/courses/courses_2017_2018/tipe/resources/sais-2.4.1/cmake-build-debug/CMakeFiles/CMakeTmp »
Building C object CMakeFiles/cmTC_9f0e7.dir/CheckSymbolExists.c.o
/usr/bin/cc -D_FILE_OFFSET_BITS=64 -D_LARGEFILE_SOURCE -D_LARGE_FILES -D__STDC_CONSTANT_MACROS -D__STDC_FORMAT_MACROS -D__STDC_LIMIT_MACROS  -Wall    -o CMakeFiles/cmTC_9f0e7.dir/CheckSymbolExists.c.o   -c /home/thomas/Drive/tbagrel/courses/courses_2017_2018/tipe/resources/sais-2.4.1/cmake-build-debug/CMakeFiles/CMakeTmp/CheckSymbolExists.c
Linking C executable cmTC_9f0e7
/home/thomas/.local/share/JetBrains/Toolbox/apps/CLion/ch-0/173.3727.114/bin/cmake/bin/cmake -E cmake_link_script CMakeFiles/cmTC_9f0e7.dir/link.txt --verbose=1
/usr/bin/cc  -Wall     -rdynamic CMakeFiles/cmTC_9f0e7.dir/CheckSymbolExists.c.o  -o cmTC_9f0e7 
make[1] : on quitte le répertoire « /home/thomas/Drive/tbagrel/courses/courses_2017_2018/tipe/resources/sais-2.4.1/cmake-build-debug/CMakeFiles/CMakeTmp »

File /home/thomas/Drive/tbagrel/courses/courses_2017_2018/tipe/resources/sais-2.4.1/cmake-build-debug/CMakeFiles/CMakeTmp/CheckSymbolExists.c:
/* */
#include <inttypes.h>

int main(int argc, char** argv)
{
  (void)argv;
#ifndef PRIdMAX
  return ((int*)(&PRIdMAX))[argc];
#else
  (void)argc;
  return 0;
#endif
}

Performing C SOURCE FILE Test HAVE_INLINE succeeded with the following output:
Change Dir: /home/thomas/Drive/tbagrel/courses/courses_2017_2018/tipe/resources/sais-2.4.1/cmake-build-debug/CMakeFiles/CMakeTmp

Run Build Command:"/usr/bin/make" "cmTC_6dcda/fast"
/usr/bin/make -f CMakeFiles/cmTC_6dcda.dir/build.make CMakeFiles/cmTC_6dcda.dir/build
make[1] : on entre dans le répertoire « /home/thomas/Drive/tbagrel/courses/courses_2017_2018/tipe/resources/sais-2.4.1/cmake-build-debug/CMakeFiles/CMakeTmp »
Building C object CMakeFiles/cmTC_6dcda.dir/src.c.o
/usr/bin/cc   -Wall -DHAVE_INLINE   -o CMakeFiles/cmTC_6dcda.dir/src.c.o   -c /home/thomas/Drive/tbagrel/courses/courses_2017_2018/tipe/resources/sais-2.4.1/cmake-build-debug/CMakeFiles/CMakeTmp/src.c
Linking C executable cmTC_6dcda
/home/thomas/.local/share/JetBrains/Toolbox/apps/CLion/ch-0/173.3727.114/bin/cmake/bin/cmake -E cmake_link_script CMakeFiles/cmTC_6dcda.dir/link.txt --verbose=1
/usr/bin/cc  -Wall -DHAVE_INLINE    -rdynamic CMakeFiles/cmTC_6dcda.dir/src.c.o  -o cmTC_6dcda 
make[1] : on quitte le répertoire « /home/thomas/Drive/tbagrel/courses/courses_2017_2018/tipe/resources/sais-2.4.1/cmake-build-debug/CMakeFiles/CMakeTmp »

Source file was:
inline void func(); void func() { } int main() { func(); return 0; }
Performing C SOURCE FILE Test HAVE___INLINE succeeded with the following output:
Change Dir: /home/thomas/Drive/tbagrel/courses/courses_2017_2018/tipe/resources/sais-2.4.1/cmake-build-debug/CMakeFiles/CMakeTmp

Run Build Command:"/usr/bin/make" "cmTC_8d2c6/fast"
/usr/bin/make -f CMakeFiles/cmTC_8d2c6.dir/build.make CMakeFiles/cmTC_8d2c6.dir/build
make[1] : on entre dans le répertoire « /home/thomas/Drive/tbagrel/courses/courses_2017_2018/tipe/resources/sais-2.4.1/cmake-build-debug/CMakeFiles/CMakeTmp »
Building C object CMakeFiles/cmTC_8d2c6.dir/src.c.o
/usr/bin/cc   -Wall -DHAVE___INLINE   -o CMakeFiles/cmTC_8d2c6.dir/src.c.o   -c /home/thomas/Drive/tbagrel/courses/courses_2017_2018/tipe/resources/sais-2.4.1/cmake-build-debug/CMakeFiles/CMakeTmp/src.c
Linking C executable cmTC_8d2c6
/home/thomas/.local/share/JetBrains/Toolbox/apps/CLion/ch-0/173.3727.114/bin/cmake/bin/cmake -E cmake_link_script CMakeFiles/cmTC_8d2c6.dir/link.txt --verbose=1
/usr/bin/cc  -Wall -DHAVE___INLINE    -rdynamic CMakeFiles/cmTC_8d2c6.dir/src.c.o  -o cmTC_8d2c6 
make[1] : on quitte le répertoire « /home/thomas/Drive/tbagrel/courses/courses_2017_2018/tipe/resources/sais-2.4.1/cmake-build-debug/CMakeFiles/CMakeTmp »

Source file was:
__inline void func(); void func() { } int main() { func(); return 0; }
Performing C SOURCE FILE Test HAVE___INLINE__ succeeded with the following output:
Change Dir: /home/thomas/Drive/tbagrel/courses/courses_2017_2018/tipe/resources/sais-2.4.1/cmake-build-debug/CMakeFiles/CMakeTmp

Run Build Command:"/usr/bin/make" "cmTC_b72c4/fast"
/usr/bin/make -f CMakeFiles/cmTC_b72c4.dir/build.make CMakeFiles/cmTC_b72c4.dir/build
make[1] : on entre dans le répertoire « /home/thomas/Drive/tbagrel/courses/courses_2017_2018/tipe/resources/sais-2.4.1/cmake-build-debug/CMakeFiles/CMakeTmp »
Building C object CMakeFiles/cmTC_b72c4.dir/src.c.o
/usr/bin/cc   -Wall -DHAVE___INLINE__   -o CMakeFiles/cmTC_b72c4.dir/src.c.o   -c /home/thomas/Drive/tbagrel/courses/courses_2017_2018/tipe/resources/sais-2.4.1/cmake-build-debug/CMakeFiles/CMakeTmp/src.c
Linking C executable cmTC_b72c4
/home/thomas/.local/share/JetBrains/Toolbox/apps/CLion/ch-0/173.3727.114/bin/cmake/bin/cmake -E cmake_link_script CMakeFiles/cmTC_b72c4.dir/link.txt --verbose=1
/usr/bin/cc  -Wall -DHAVE___INLINE__    -rdynamic CMakeFiles/cmTC_b72c4.dir/src.c.o  -o cmTC_b72c4 
make[1] : on quitte le répertoire « /home/thomas/Drive/tbagrel/courses/courses_2017_2018/tipe/resources/sais-2.4.1/cmake-build-debug/CMakeFiles/CMakeTmp »

Source file was:
__inline__ void func(); void func() { } int main() { func(); return 0; }
Determining size of uint8_t passed with the following output:
Change Dir: /home/thomas/Drive/tbagrel/courses/courses_2017_2018/tipe/resources/sais-2.4.1/cmake-build-debug/CMakeFiles/CMakeTmp

Run Build Command:"/usr/bin/make" "cmTC_9233d/fast"
/usr/bin/make -f CMakeFiles/cmTC_9233d.dir/build.make CMakeFiles/cmTC_9233d.dir/build
make[1] : on entre dans le répertoire « /home/thomas/Drive/tbagrel/courses/courses_2017_2018/tipe/resources/sais-2.4.1/cmake-build-debug/CMakeFiles/CMakeTmp »
Building C object CMakeFiles/cmTC_9233d.dir/SIZEOF_UINT8_T.c.o
/usr/bin/cc   -Wall    -o CMakeFiles/cmTC_9233d.dir/SIZEOF_UINT8_T.c.o   -c /home/thomas/Drive/tbagrel/courses/courses_2017_2018/tipe/resources/sais-2.4.1/cmake-build-debug/CMakeFiles/CheckTypeSize/SIZEOF_UINT8_T.c
Linking C executable cmTC_9233d
/home/thomas/.local/share/JetBrains/Toolbox/apps/CLion/ch-0/173.3727.114/bin/cmake/bin/cmake -E cmake_link_script CMakeFiles/cmTC_9233d.dir/link.txt --verbose=1
/usr/bin/cc  -Wall     -rdynamic CMakeFiles/cmTC_9233d.dir/SIZEOF_UINT8_T.c.o  -o cmTC_9233d 
make[1] : on quitte le répertoire « /home/thomas/Drive/tbagrel/courses/courses_2017_2018/tipe/resources/sais-2.4.1/cmake-build-debug/CMakeFiles/CMakeTmp »


Determining size of uint16_t passed with the following output:
Change Dir: /home/thomas/Drive/tbagrel/courses/courses_2017_2018/tipe/resources/sais-2.4.1/cmake-build-debug/CMakeFiles/CMakeTmp

Run Build Command:"/usr/bin/make" "cmTC_b61ad/fast"
/usr/bin/make -f CMakeFiles/cmTC_b61ad.dir/build.make CMakeFiles/cmTC_b61ad.dir/build
make[1] : on entre dans le répertoire « /home/thomas/Drive/tbagrel/courses/courses_2017_2018/tipe/resources/sais-2.4.1/cmake-build-debug/CMakeFiles/CMakeTmp »
Building C object CMakeFiles/cmTC_b61ad.dir/SIZEOF_UINT16_T.c.o
/usr/bin/cc   -Wall    -o CMakeFiles/cmTC_b61ad.dir/SIZEOF_UINT16_T.c.o   -c /home/thomas/Drive/tbagrel/courses/courses_2017_2018/tipe/resources/sais-2.4.1/cmake-build-debug/CMakeFiles/CheckTypeSize/SIZEOF_UINT16_T.c
Linking C executable cmTC_b61ad
/home/thomas/.local/share/JetBrains/Toolbox/apps/CLion/ch-0/173.3727.114/bin/cmake/bin/cmake -E cmake_link_script CMakeFiles/cmTC_b61ad.dir/link.txt --verbose=1
/usr/bin/cc  -Wall     -rdynamic CMakeFiles/cmTC_b61ad.dir/SIZEOF_UINT16_T.c.o  -o cmTC_b61ad 
make[1] : on quitte le répertoire « /home/thomas/Drive/tbagrel/courses/courses_2017_2018/tipe/resources/sais-2.4.1/cmake-build-debug/CMakeFiles/CMakeTmp »


Determining size of int32_t passed with the following output:
Change Dir: /home/thomas/Drive/tbagrel/courses/courses_2017_2018/tipe/resources/sais-2.4.1/cmake-build-debug/CMakeFiles/CMakeTmp

Run Build Command:"/usr/bin/make" "cmTC_34460/fast"
/usr/bin/make -f CMakeFiles/cmTC_34460.dir/build.make CMakeFiles/cmTC_34460.dir/build
make[1] : on entre dans le répertoire « /home/thomas/Drive/tbagrel/courses/courses_2017_2018/tipe/resources/sais-2.4.1/cmake-build-debug/CMakeFiles/CMakeTmp »
Building C object CMakeFiles/cmTC_34460.dir/SIZEOF_INT32_T.c.o
/usr/bin/cc   -Wall    -o CMakeFiles/cmTC_34460.dir/SIZEOF_INT32_T.c.o   -c /home/thomas/Drive/tbagrel/courses/courses_2017_2018/tipe/resources/sais-2.4.1/cmake-build-debug/CMakeFiles/CheckTypeSize/SIZEOF_INT32_T.c
Linking C executable cmTC_34460
/home/thomas/.local/share/JetBrains/Toolbox/apps/CLion/ch-0/173.3727.114/bin/cmake/bin/cmake -E cmake_link_script CMakeFiles/cmTC_34460.dir/link.txt --verbose=1
/usr/bin/cc  -Wall     -rdynamic CMakeFiles/cmTC_34460.dir/SIZEOF_INT32_T.c.o  -o cmTC_34460 
make[1] : on quitte le répertoire « /home/thomas/Drive/tbagrel/courses/courses_2017_2018/tipe/resources/sais-2.4.1/cmake-build-debug/CMakeFiles/CMakeTmp »


Determining if the PRId32 exist passed with the following output:
Change Dir: /home/thomas/Drive/tbagrel/courses/courses_2017_2018/tipe/resources/sais-2.4.1/cmake-build-debug/CMakeFiles/CMakeTmp

Run Build Command:"/usr/bin/make" "cmTC_1f0e1/fast"
/usr/bin/make -f CMakeFiles/cmTC_1f0e1.dir/build.make CMakeFiles/cmTC_1f0e1.dir/build
make[1] : on entre dans le répertoire « /home/thomas/Drive/tbagrel/courses/courses_2017_2018/tipe/resources/sais-2.4.1/cmake-build-debug/CMakeFiles/CMakeTmp »
Building C object CMakeFiles/cmTC_1f0e1.dir/CheckSymbolExists.c.o
/usr/bin/cc   -Wall    -o CMakeFiles/cmTC_1f0e1.dir/CheckSymbolExists.c.o   -c /home/thomas/Drive/tbagrel/courses/courses_2017_2018/tipe/resources/sais-2.4.1/cmake-build-debug/CMakeFiles/CMakeTmp/CheckSymbolExists.c
Linking C executable cmTC_1f0e1
/home/thomas/.local/share/JetBrains/Toolbox/apps/CLion/ch-0/173.3727.114/bin/cmake/bin/cmake -E cmake_link_script CMakeFiles/cmTC_1f0e1.dir/link.txt --verbose=1
/usr/bin/cc  -Wall     -rdynamic CMakeFiles/cmTC_1f0e1.dir/CheckSymbolExists.c.o  -o cmTC_1f0e1 
make[1] : on quitte le répertoire « /home/thomas/Drive/tbagrel/courses/courses_2017_2018/tipe/resources/sais-2.4.1/cmake-build-debug/CMakeFiles/CMakeTmp »

File /home/thomas/Drive/tbagrel/courses/courses_2017_2018/tipe/resources/sais-2.4.1/cmake-build-debug/CMakeFiles/CMakeTmp/CheckSymbolExists.c:
/* */
#include <inttypes.h>

int main(int argc, char** argv)
{
  (void)argv;
#ifndef PRId32
  return ((int*)(&PRId32))[argc];
#else
  (void)argc;
  return 0;
#endif
}

Determining if the INT32_C exist passed with the following output:
Change Dir: /home/thomas/Drive/tbagrel/courses/courses_2017_2018/tipe/resources/sais-2.4.1/cmake-build-debug/CMakeFiles/CMakeTmp

Run Build Command:"/usr/bin/make" "cmTC_a56f6/fast"
/usr/bin/make -f CMakeFiles/cmTC_a56f6.dir/build.make CMakeFiles/cmTC_a56f6.dir/build
make[1] : on entre dans le répertoire « /home/thomas/Drive/tbagrel/courses/courses_2017_2018/tipe/resources/sais-2.4.1/cmake-build-debug/CMakeFiles/CMakeTmp »
Building C object CMakeFiles/cmTC_a56f6.dir/CheckSymbolExists.c.o
/usr/bin/cc   -Wall    -o CMakeFiles/cmTC_a56f6.dir/CheckSymbolExists.c.o   -c /home/thomas/Drive/tbagrel/courses/courses_2017_2018/tipe/resources/sais-2.4.1/cmake-build-debug/CMakeFiles/CMakeTmp/CheckSymbolExists.c
Linking C executable cmTC_a56f6
/home/thomas/.local/share/JetBrains/Toolbox/apps/CLion/ch-0/173.3727.114/bin/cmake/bin/cmake -E cmake_link_script CMakeFiles/cmTC_a56f6.dir/link.txt --verbose=1
/usr/bin/cc  -Wall     -rdynamic CMakeFiles/cmTC_a56f6.dir/CheckSymbolExists.c.o  -o cmTC_a56f6 
make[1] : on quitte le répertoire « /home/thomas/Drive/tbagrel/courses/courses_2017_2018/tipe/resources/sais-2.4.1/cmake-build-debug/CMakeFiles/CMakeTmp »

File /home/thomas/Drive/tbagrel/courses/courses_2017_2018/tipe/resources/sais-2.4.1/cmake-build-debug/CMakeFiles/CMakeTmp/CheckSymbolExists.c:
/* */
#include <stdint.h>

int main(int argc, char** argv)
{
  (void)argv;
#ifndef INT32_C
  return ((int*)(&INT32_C))[argc];
#else
  (void)argc;
  return 0;
#endif
}

Determining if the UINT32_C exist passed with the following output:
Change Dir: /home/thomas/Drive/tbagrel/courses/courses_2017_2018/tipe/resources/sais-2.4.1/cmake-build-debug/CMakeFiles/CMakeTmp

Run Build Command:"/usr/bin/make" "cmTC_49cdc/fast"
/usr/bin/make -f CMakeFiles/cmTC_49cdc.dir/build.make CMakeFiles/cmTC_49cdc.dir/build
make[1] : on entre dans le répertoire « /home/thomas/Drive/tbagrel/courses/courses_2017_2018/tipe/resources/sais-2.4.1/cmake-build-debug/CMakeFiles/CMakeTmp »
Building C object CMakeFiles/cmTC_49cdc.dir/CheckSymbolExists.c.o
/usr/bin/cc   -Wall    -o CMakeFiles/cmTC_49cdc.dir/CheckSymbolExists.c.o   -c /home/thomas/Drive/tbagrel/courses/courses_2017_2018/tipe/resources/sais-2.4.1/cmake-build-debug/CMakeFiles/CMakeTmp/CheckSymbolExists.c
Linking C executable cmTC_49cdc
/home/thomas/.local/share/JetBrains/Toolbox/apps/CLion/ch-0/173.3727.114/bin/cmake/bin/cmake -E cmake_link_script CMakeFiles/cmTC_49cdc.dir/link.txt --verbose=1
/usr/bin/cc  -Wall     -rdynamic CMakeFiles/cmTC_49cdc.dir/CheckSymbolExists.c.o  -o cmTC_49cdc 
make[1] : on quitte le répertoire « /home/thomas/Drive/tbagrel/courses/courses_2017_2018/tipe/resources/sais-2.4.1/cmake-build-debug/CMakeFiles/CMakeTmp »

File /home/thomas/Drive/tbagrel/courses/courses_2017_2018/tipe/resources/sais-2.4.1/cmake-build-debug/CMakeFiles/CMakeTmp/CheckSymbolExists.c:
/* */
#include <stdint.h>

int main(int argc, char** argv)
{
  (void)argv;
#ifndef UINT32_C
  return ((int*)(&UINT32_C))[argc];
#else
  (void)argc;
  return 0;
#endif
}

